Installing dependencies from lock file (including require-dev)
Verifying lock file contents can be installed on current platform.
Package operations: 118 installs, 0 updates, 0 removals
  - Downloading laravel/framework (v9.52.21)
  - Downloading thecodingmachine/safe (v3.4.0)
  - Downloading dompdf/dompdf (v3.1.5)
  - Downloading fakerphp/faker (v1.24.1)
  - Downloading asm89/stack-cors (v2.4.0)
  - Downloading fruitcake/laravel-cors (v2.2.0)
  - Downloading psr/http-message (2.0)
  - Downloading psr/http-client (1.0.3)
  - Downloading ralouphie/getallheaders (3.0.3)
  - Downloading psr/http-factory (1.1.0)
  - Downloading guzzlehttp/psr7 (2.9.0)
  - Downloading guzzlehttp/promises (2.3.0)
  - Downloading guzzlehttp/guzzle (7.10.0)
  - Downloading symfony/yaml (v7.4.8)
  - Downloading laravel/sail (v1.56.0)
  - Downloading laravel/sanctum (v2.15.1)
  - Downloading nikic/php-parser (v5.7.0)
  - Downloading psy/psysh (v0.12.22)
  - Downloading laravel/tinker (v2.11.1)
  - Downloading hamcrest/hamcrest-php (v2.1.1)
  - Downloading mockery/mockery (1.6.12)
  - Downloading filp/whoops (2.18.4)
  - Downloading nunomaduro/collision (v6.4.0)
  - Downloading sebastian/version (3.0.2)
  - Downloading sebastian/type (3.2.1)
  - Downloading sebastian/resource-operations (3.0.4)
  - Downloading sebastian/recursion-context (4.0.6)
  - Downloading sebastian/object-reflector (2.0.4)
  - Downloading sebastian/object-enumerator (4.0.4)
  - Downloading sebastian/global-state (5.0.8)
  - Downloading sebastian/exporter (4.0.8)
  - Downloading sebastian/environment (5.1.5)
  - Downloading sebastian/diff (4.0.6)
  - Downloading sebastian/comparator (4.0.10)
  - Downloading sebastian/code-unit (1.0.8)
  - Downloading sebastian/cli-parser (1.0.2)
  - Downloading phpunit/php-timer (5.0.3)
  - Downloading phpunit/php-text-template (2.0.4)
  - Downloading phpunit/php-invoker (3.1.1)
  - Downloading phpunit/php-file-iterator (3.0.6)
  - Downloading theseer/tokenizer (1.3.1)
  - Downloading sebastian/lines-of-code (1.0.4)
  - Downloading sebastian/complexity (2.0.3)
  - Downloading sebastian/code-unit-reverse-lookup (2.0.3)
  - Downloading phpunit/php-code-coverage (9.2.32)
  - Downloading phar-io/version (3.2.1)
  - Downloading phar-io/manifest (2.0.4)
  - Downloading myclabs/deep-copy (1.13.4)
  - Downloading doctrine/instantiator (2.0.0)
  - Downloading phpunit/phpunit (9.6.34)
  - Downloading spatie/backtrace (1.8.2)
  - Downloading spatie/flare-client-php (1.11.0)
  - Downloading spatie/ignition (1.14.2)
  - Downloading spatie/laravel-ignition (1.7.2)
  0/54 [>---------------------------]   0%
  5/54 [==>-------------------------]   9%
  6/54 [===>------------------------]  11%
  7/54 [===>------------------------]  12%
  9/54 [====>-----------------------]  16%
 10/54 [=====>----------------------]  18%
 11/54 [=====>----------------------]  20%
 12/54 [======>---------------------]  22%
 13/54 [======>---------------------]  24%
 15/54 [=======>--------------------]  27%
 16/54 [========>-------------------]  29%
 17/54 [========>-------------------]  31%
 18/54 [=========>------------------]  33%
 19/54 [=========>------------------]  35%
 21/54 [==========>-----------------]  38%
 23/54 [===========>----------------]  42%
 25/54 [============>---------------]  46%
 26/54 [=============>--------------]  48%
 27/54 [==============>-------------]  50%
 28/54 [==============>-------------]  51%
 30/54 [===============>------------]  55%
 33/54 [=================>----------]  61%
 34/54 [=================>----------]  62%
 37/54 [===================>--------]  68%
 38/54 [===================>--------]  70%
 40/54 [====================>-------]  74%
 42/54 [=====================>------]  77%
 43/54 [======================>-----]  79%
 45/54 [=======================>----]  83%
 46/54 [=======================>----]  85%
 48/54 [========================>---]  88%
 49/54 [=========================>--]  90%
 50/54 [=========================>--]  92%
 51/54 [==========================>-]  94%
 52/54 [==========================>-]  96%
 53/54 [===========================>]  98%
 54/54 [============================] 100%
  - Installing voku/portable-ascii (2.0.3): Extracting archive
  - Installing symfony/polyfill-php80 (v1.34.0): Extracting archive
  - Installing symfony/polyfill-mbstring (v1.34.0): Extracting archive
  - Installing symfony/polyfill-ctype (v1.34.0): Extracting archive
  - Installing phpoption/phpoption (1.9.5): Extracting archive
  - Installing graham-campbell/result-type (v1.1.4): Extracting archive
  - Installing vlucas/phpdotenv (v5.6.3): Extracting archive
  - Installing symfony/css-selector (v7.4.8): Extracting archive
  - Installing tijsverkoyen/css-to-inline-styles (v2.4.0): Extracting archive
  - Installing symfony/deprecation-contracts (v3.6.0): Extracting archive
  - Installing symfony/var-dumper (v6.4.36): Extracting archive
  - Installing symfony/polyfill-uuid (v1.34.0): Extracting archive
  - Installing symfony/uid (v6.4.32): Extracting archive
  - Installing symfony/routing (v6.4.34): Extracting archive
  - Installing symfony/process (v6.4.33): Extracting archive
  - Installing symfony/polyfill-intl-normalizer (v1.34.0): Extracting archive
  - Installing symfony/polyfill-intl-idn (v1.34.0): Extracting archive
  - Installing symfony/mime (v6.4.36): Extracting archive
  - Installing psr/container (2.0.2): Extracting archive
  - Installing symfony/service-contracts (v3.6.1): Extracting archive
  - Installing psr/event-dispatcher (1.0.0): Extracting archive
  - Installing symfony/event-dispatcher-contracts (v3.6.0): Extracting archive
  - Installing symfony/event-dispatcher (v7.4.8): Extracting archive
  - Installing psr/log (3.0.2): Extracting archive
  - Installing doctrine/lexer (3.0.1): Extracting archive
  - Installing egulias/email-validator (4.0.4): Extracting archive
  - Installing symfony/mailer (v6.4.34): Extracting archive
  - Installing symfony/polyfill-php83 (v1.34.0): Extracting archive
  - Installing symfony/http-foundation (v6.4.35): Extracting archive
  - Installing symfony/error-handler (v6.4.36): Extracting archive
  - Installing symfony/http-kernel (v6.4.36): Extracting archive
  - Installing symfony/finder (v6.4.34): Extracting archive
  - Installing symfony/polyfill-intl-grapheme (v1.34.0): Extracting archive
  - Installing symfony/string (v7.4.8): Extracting archive
  - Installing symfony/console (v6.4.36): Extracting archive
  - Installing ramsey/collection (2.1.1): Extracting archive
  - Installing brick/math (0.11.0): Extracting archive
  - Installing ramsey/uuid (4.9.2): Extracting archive
  - Installing psr/simple-cache (3.0.0): Extracting archive
  - Installing nunomaduro/termwind (v1.17.0): Extracting archive
  - Installing symfony/translation-contracts (v3.6.1): Extracting archive
  - Installing symfony/translation (v6.4.34): Extracting archive
  - Installing psr/clock (1.0.0): Extracting archive
  - Installing carbonphp/carbon-doctrine-types (3.2.0): Extracting archive
  - Installing nesbot/carbon (2.73.0): Extracting archive
  - Installing monolog/monolog (2.11.0): Extracting archive
  - Installing league/mime-type-detection (1.16.0): Extracting archive
  - Installing league/flysystem (3.33.0): Extracting archive
  - Installing league/flysystem-local (3.31.0): Extracting archive
  - Installing nette/utils (v4.1.3): Extracting archive
  - Installing nette/schema (v1.3.5): Extracting archive
  - Installing dflydev/dot-access-data (v3.0.3): Extracting archive
  - Installing league/config (v1.2.0): Extracting archive
  - Installing league/commonmark (2.8.2): Extracting archive
  - Installing laravel/serializable-closure (v1.3.7): Extracting archive
  - Installing guzzlehttp/uri-template (v1.0.5): Extracting archive
  - Installing fruitcake/php-cors (v1.4.0): Extracting archive
  - Installing dragonmantank/cron-expression (v3.6.0): Extracting archive
  - Installing doctrine/inflector (2.1.0): Extracting archive
  - Installing laravel/framework (v9.52.21): Extracting archive
  - Installing masterminds/html5 (2.10.0): Extracting archive
  - Installing thecodingmachine/safe (v3.4.0): Extracting archive
  - Installing sabberworm/php-css-parser (v9.3.0): Extracting archive
  - Installing dompdf/php-svg-lib (1.0.2): Extracting archive
  - Installing dompdf/php-font-lib (1.0.2): Extracting archive
  - Installing dompdf/dompdf (v3.1.5): Extracting archive
  - Installing barryvdh/laravel-dompdf (v3.1.2): Extracting archive
  - Installing fakerphp/faker (v1.24.1): Extracting archive
  - Installing asm89/stack-cors (v2.4.0): Extracting archive
  - Installing fruitcake/laravel-cors (v2.2.0): Extracting archive
  - Installing psr/http-message (2.0): Extracting archive
  - Installing psr/http-client (1.0.3): Extracting archive
  - Installing ralouphie/getallheaders (3.0.3): Extracting archive
  - Installing psr/http-factory (1.1.0): Extracting archive
  - Installing guzzlehttp/psr7 (2.9.0): Extracting archive
  - Installing guzzlehttp/promises (2.3.0): Extracting archive
  - Installing guzzlehttp/guzzle (7.10.0): Extracting archive
  - Installing symfony/yaml (v7.4.8): Extracting archive
  - Installing laravel/sail (v1.56.0): Extracting archive
  - Installing laravel/sanctum (v2.15.1): Extracting archive
  - Installing nikic/php-parser (v5.7.0): Extracting archive
  - Installing psy/psysh (v0.12.22): Extracting archive
  - Installing laravel/tinker (v2.11.1): Extracting archive
  - Installing hamcrest/hamcrest-php (v2.1.1): Extracting archive
  - Installing mockery/mockery (1.6.12): Extracting archive
  - Installing filp/whoops (2.18.4): Extracting archive
  - Installing nunomaduro/collision (v6.4.0): Extracting archive
  - Installing sebastian/version (3.0.2): Extracting archive
  - Installing sebastian/type (3.2.1): Extracting archive
  - Installing sebastian/resource-operations (3.0.4): Extracting archive
  - Installing sebastian/recursion-context (4.0.6): Extracting archive
  - Installing sebastian/object-reflector (2.0.4): Extracting archive
  - Installing sebastian/object-enumerator (4.0.4): Extracting archive
  - Installing sebastian/global-state (5.0.8): Extracting archive
  - Installing sebastian/exporter (4.0.8): Extracting archive
  - Installing sebastian/environment (5.1.5): Extracting archive
  - Installing sebastian/diff (4.0.6): Extracting archive
  - Installing sebastian/comparator (4.0.10): Extracting archive
  - Installing sebastian/code-unit (1.0.8): Extracting archive
  - Installing sebastian/cli-parser (1.0.2): Extracting archive
  - Installing phpunit/php-timer (5.0.3): Extracting archive
  - Installing phpunit/php-text-template (2.0.4): Extracting archive
  - Installing phpunit/php-invoker (3.1.1): Extracting archive
  - Installing phpunit/php-file-iterator (3.0.6): Extracting archive
  - Installing theseer/tokenizer (1.3.1): Extracting archive
  - Installing sebastian/lines-of-code (1.0.4): Extracting archive
  - Installing sebastian/complexity (2.0.3): Extracting archive
  - Installing sebastian/code-unit-reverse-lookup (2.0.3): Extracting archive
  - Installing phpunit/php-code-coverage (9.2.32): Extracting archive
  - Installing phar-io/version (3.2.1): Extracting archive
  - Installing phar-io/manifest (2.0.4): Extracting archive
  - Installing myclabs/deep-copy (1.13.4): Extracting archive
  - Installing doctrine/instantiator (2.0.0): Extracting archive
  - Installing phpunit/phpunit (9.6.34): Extracting archive
  - Installing spatie/backtrace (1.8.2): Extracting archive
  - Installing spatie/flare-client-php (1.11.0): Extracting archive
  - Installing spatie/ignition (1.14.2): Extracting archive
  - Installing spatie/laravel-ignition (1.7.2): Extracting archive
   0/118 [>---------------------------]   0%
  10/118 [==>-------------------------]   8%
  18/118 [====>-----------------------]  15%
  20/118 [====>-----------------------]  16%
  27/118 [======>---------------------]  22%
  31/118 [=======>--------------------]  26%
  36/118 [========>-------------------]  30%
  41/118 [=========>------------------]  34%
  47/118 [===========>----------------]  39%
  50/118 [===========>----------------]  42%
  52/118 [============>---------------]  44%
  57/118 [=============>--------------]  48%
  60/118 [==============>-------------]  50%
  64/118 [===============>------------]  54%
  70/118 [================>-----------]  59%
  72/118 [=================>----------]  61%
  75/118 [=================>----------]  63%
  78/118 [==================>---------]  66%
  79/118 [==================>---------]  66%
  82/118 [===================>--------]  69%
  85/118 [====================>-------]  72%
  91/118 [=====================>------]  77%
  97/118 [=======================>----]  82%
 102/118 [========================>---]  86%
 107/118 [=========================>--]  90%
 110/118 [==========================>-]  93%
 115/118 [===========================>]  97%
 118/118 [============================] 100%
Package fruitcake/laravel-cors is abandoned, you should avoid using it. No replacement was suggested.
Generating optimized autoload files

In ClassMapGenerator.php line 169:
                                                                               
  realpath of C:\Users\Santiago\Desktop\Proyecto-Laravel-main\zapadictoss\ven  
  dor/phpunit/phpunit/src\Framework\Exception\UnintentionallyCoveredCodeError  
  .php failed to resolve, got false                                            
                                                                               

install [--prefer-source] [--prefer-dist] [--prefer-install PREFER-INSTALL] [--dry-run] [--download-only] [--dev] [--no-suggest] [--no-dev] [--no-security-blocking] [--no-autoloader] [--no-progress] [--no-install] [--audit] [--audit-format AUDIT-FORMAT] [-v|vv|vvv|--verbose] [-o|--optimize-autoloader] [-a|--classmap-authoritative] [--apcu-autoloader] [--apcu-autoloader-prefix APCU-AUTOLOADER-PREFIX] [--ignore-platform-req IGNORE-PLATFORM-REQ] [--ignore-platform-reqs] [--] [<packages>...]

